Using pre-set license
Built from '2020.3/release' branch; Version is '2020.3.2f1 (8fd9074bf66c) revision 9427207'; Using compiler version '192528614'; Build Type 'Release'
OS: 'Windows 10 Home; OS build 19042.870; Version 2009; 64bit' Language: 'en' Physical Memory: 16315 MB
BatchMode: 1, IsHumanControllingUs: 0, StartBugReporterOnCrash: 0, Is64bit: 1, IsPro: 0

 COMMAND LINE ARGUMENTS:
C:\Program Files\Unity\Hub\Editor\2020.3.2f1\Editor\Unity.exe
-adb2
-batchMode
-noUpm
-name
AssetImportWorker0
-projectPath
C:/Users/Admin/Desktop/SolarSystem
-logFile
Logs/AssetImportWorker0.log
-srvPort
63315
Successfully changed project path to: C:/Users/Admin/Desktop/SolarSystem
C:/Users/Admin/Desktop/SolarSystem
Using Asset Import Pipeline V2.
Refreshing native plugins compatible for Editor in 37.14 ms, found 0 plugins.
Preloading 0 native plugins for Editor in 0.00 ms.
Initialize engine version: 2020.3.2f1 (8fd9074bf66c)
[Subsystems] Discovering subsystems at path C:/Program Files/Unity/Hub/Editor/2020.3.2f1/Editor/Data/Resources/UnitySubsystems
[Subsystems] Discovering subsystems at path C:/Users/Admin/Desktop/SolarSystem/Assets
GfxDevice: creating device client; threaded=0
Direct3D:
    Version:  Direct3D 11.0 [level 11.1]
    Renderer: Radeon RX 5500 XT (ID=0x7340)
    Vendor:   
    VRAM:     8151 MB
    Driver:   27.20.15003.1004
Initialize mono
Mono path[0] = 'C:/Program Files/Unity/Hub/Editor/2020.3.2f1/Editor/Data/Managed'
Mono path[1] = 'C:/Program Files/Unity/Hub/Editor/2020.3.2f1/Editor/Data/MonoBleedingEdge/lib/mono/unityjit'
Mono config path = 'C:/Program Files/Unity/Hub/Editor/2020.3.2f1/Editor/Data/MonoBleedingEdge/etc'
Using monoOptions --debugger-agent=transport=dt_socket,embedding=1,server=y,suspend=n,address=127.0.0.1:56184
Begin MonoManager ReloadAssembly
Registering precompiled unity dll's ...
Register platform support module: C:/Program Files/Unity/Hub/Editor/2020.3.2f1/Editor/Data/PlaybackEngines/WindowsStandaloneSupport/UnityEditor.WindowsStandalone.Extensions.dll
Registered in 0.001552 seconds.
Native extension for WindowsStandalone target not found
Refreshing native plugins compatible for Editor in 38.69 ms, found 0 plugins.
Preloading 0 native plugins for Editor in 0.00 ms.
Invoked RoslynAnalysisRunner static constructor.
RoslynAnalysisRunner will not be running.
RoslynAnalysisRunner has terminated.
Mono: successfully reloaded assembly
- Completed reload, in  0.863 seconds
Platform modules already initialized, skipping
Registering precompiled user dll's ...
Registered in 0.000924 seconds.
Begin MonoManager ReloadAssembly
Native extension for WindowsStandalone target not found
Refreshing native plugins compatible for Editor in 38.70 ms, found 0 plugins.
Preloading 0 native plugins for Editor in 0.00 ms.
Invoked RoslynAnalysisRunner static constructor.
RoslynAnalysisRunner will not be running.
RoslynAnalysisRunner has terminated.
Mono: successfully reloaded assembly
- Completed reload, in  0.792 seconds
Platform modules already initialized, skipping
========================================================================
Worker process is ready to serve import requests
Shader 'Universal Render Pipeline/Particles/Lit': fallback shader 'Universal Render Pipeline/Particles/SimpleLit' not found
Shader 'Universal Render Pipeline/Particles/Lit': fallback shader 'Universal Render Pipeline/Particles/SimpleLit' not found
Launched and connected shader compiler UnityShaderCompiler.exe after 0.03 seconds
Refreshing native plugins compatible for Editor in 0.39 ms, found 0 plugins.
Preloading 0 native plugins for Editor in 0.00 ms.
Unloading 2418 Unused Serialized files (Serialized files now loaded: 0)
System memory in use before: 112.8 MB.
System memory in use after: 110.0 MB.

Unloading 46 unused Assets to reduce memory usage. Loaded Objects now: 2825.
Total: 3.135600 ms (FindLiveObjects: 0.283900 ms CreateObjectMapping: 0.087400 ms MarkObjects: 1.529800 ms  DeleteObjects: 1.233100 ms)

========================================================================
Received Import Request.
  path: Assets/Scenes
  artifactKey: Guid(c6aa5ee63eb0b044097df22a954f1e54) Importer(815301076,1909f56bfc062723c751e8b465ee728b)
Start importing Assets/Scenes using Guid(c6aa5ee63eb0b044097df22a954f1e54) Importer(815301076,1909f56bfc062723c751e8b465ee728b)  -> (artifact id: 'a6f48cc915f36e7a34a1d830d02fe6dc') in 0.008662 seconds
  Import took 0.012031 seconds .

========================================================================
Received Import Request.
  Time since last request: 0.000162 seconds.
  path: Assets/Settings
  artifactKey: Guid(0735c275001a2c84dafdb30deced5d8d) Importer(815301076,1909f56bfc062723c751e8b465ee728b)
Start importing Assets/Settings using Guid(0735c275001a2c84dafdb30deced5d8d) Importer(815301076,1909f56bfc062723c751e8b465ee728b)  -> (artifact id: 'c8d84001ef50c34473eb133dc76dd182') in 0.004404 seconds
  Import took 0.006836 seconds .

========================================================================
Received Import Request.
  Time since last request: 0.000194 seconds.
  path: Assets/Scripts
  artifactKey: Guid(02a3527b6b33a924e8ec66aa805ea717) Importer(815301076,1909f56bfc062723c751e8b465ee728b)
Start importing Assets/Scripts using Guid(02a3527b6b33a924e8ec66aa805ea717) Importer(815301076,1909f56bfc062723c751e8b465ee728b)  -> (artifact id: '122d432f97ef7bde4b25f78a12b1b863') in 0.005370 seconds
  Import took 0.009204 seconds .

========================================================================
Received Import Request.
  Time since last request: 0.407533 seconds.
  path: Assets/Scenes/SampleScene.unity
  artifactKey: Guid(d1c3109bdb54ad54c8a2b2838528e640) Importer(815301076,1909f56bfc062723c751e8b465ee728b)
Start importing Assets/Scenes/SampleScene.unity using Guid(d1c3109bdb54ad54c8a2b2838528e640) Importer(815301076,1909f56bfc062723c751e8b465ee728b)  -> (artifact id: 'ac93e4a534e27344f955f06fd45787a0') in 0.011727 seconds
  Import took 0.020546 seconds .

========================================================================
Received Import Request.
  Time since last request: 45.764003 seconds.
  path: Assets/Scenes/Main.unity
  artifactKey: Guid(fe68859eb33f0974090a2688094ad258) Importer(815301076,1909f56bfc062723c751e8b465ee728b)
Start importing Assets/Scenes/Main.unity using Guid(fe68859eb33f0974090a2688094ad258) Importer(815301076,1909f56bfc062723c751e8b465ee728b)  -> (artifact id: '034c8a5d4efb0624a9423acb92d13368') in 0.005820 seconds
  Import took 0.009323 seconds .

========================================================================
Received Import Request.
  Time since last request: 126.630653 seconds.
  path: Assets/Settings/SampleSceneProfile.asset
  artifactKey: Guid(10fc4df2da32a41aaa32d77bc913491c) Importer(815301076,1909f56bfc062723c751e8b465ee728b)
Start importing Assets/Settings/SampleSceneProfile.asset using Guid(10fc4df2da32a41aaa32d77bc913491c) Importer(815301076,1909f56bfc062723c751e8b465ee728b)  -> (artifact id: '939d6f60f0cbf12c702b6c8a4a68da13') in 0.024636 seconds
  Import took 0.028462 seconds .

========================================================================
Received Import Request.
  Time since last request: 18.304754 seconds.
  path: Assets/Settings/Volume.asset
  artifactKey: Guid(10fc4df2da32a41aaa32d77bc913491c) Importer(815301076,1909f56bfc062723c751e8b465ee728b)
Start importing Assets/Settings/Volume.asset using Guid(10fc4df2da32a41aaa32d77bc913491c) Importer(815301076,1909f56bfc062723c751e8b465ee728b)  -> (artifact id: 'ab8f8e8b8f43dcf74ebbcb3ac7e652fd') in 0.005915 seconds
  Import took 0.014526 seconds .

========================================================================
Received Import Request.
  Time since last request: 1.928379 seconds.
  path: Assets/Settings/UniversalRP-MediumQuality.asset
  artifactKey: Guid(d847b876476d3d6468f5dfcd34266f96) Importer(815301076,1909f56bfc062723c751e8b465ee728b)
Start importing Assets/Settings/UniversalRP-MediumQuality.asset using Guid(d847b876476d3d6468f5dfcd34266f96) Importer(815301076,1909f56bfc062723c751e8b465ee728b)  -> (artifact id: 'f763ac5848d70bb2c362553fc7d85482') in 0.005742 seconds
  Import took 0.009197 seconds .

========================================================================
Received Import Request.
  Time since last request: 0.007502 seconds.
  path: Assets/Settings/UniversalRP-MediumQuality.asset
  artifactKey: Guid(d847b876476d3d6468f5dfcd34266f96) Importer(815301076,1909f56bfc062723c751e8b465ee728b)
Start importing Assets/Settings/UniversalRP-MediumQuality.asset using Guid(d847b876476d3d6468f5dfcd34266f96) Importer(815301076,1909f56bfc062723c751e8b465ee728b)  -> (artifact id: 'f763ac5848d70bb2c362553fc7d85482') in 0.002543 seconds
  Import took 0.005595 seconds .

========================================================================
Received Import Request.
  Time since last request: 2.368982 seconds.
  path: Assets/Settings/MediumQuality.asset
  artifactKey: Guid(d847b876476d3d6468f5dfcd34266f96) Importer(815301076,1909f56bfc062723c751e8b465ee728b)
Start importing Assets/Settings/MediumQuality.asset using Guid(d847b876476d3d6468f5dfcd34266f96) Importer(815301076,1909f56bfc062723c751e8b465ee728b)  -> (artifact id: '23bf31b18e1f3af27c8f91197882c8b8') in 0.005947 seconds
  Import took 0.010551 seconds .

========================================================================
Received Import Request.
  Time since last request: 0.074387 seconds.
  path: Assets/Settings/UniversalRP-HighQuality.asset
  artifactKey: Guid(19ba41d7c0026c3459d37c2fe90c55a0) Importer(815301076,1909f56bfc062723c751e8b465ee728b)
Start importing Assets/Settings/UniversalRP-HighQuality.asset using Guid(19ba41d7c0026c3459d37c2fe90c55a0) Importer(815301076,1909f56bfc062723c751e8b465ee728b)  -> (artifact id: '3c20af6cf8e409c1f4516ca2ed44222c') in 0.006122 seconds
  Import took 0.009691 seconds .

========================================================================
Received Import Request.
  Time since last request: 2.883536 seconds.
  path: Assets/Settings/HighQuality.asset
  artifactKey: Guid(19ba41d7c0026c3459d37c2fe90c55a0) Importer(815301076,1909f56bfc062723c751e8b465ee728b)
Start importing Assets/Settings/HighQuality.asset using Guid(19ba41d7c0026c3459d37c2fe90c55a0) Importer(815301076,1909f56bfc062723c751e8b465ee728b)  -> (artifact id: '676666602b3eb61684c1fa7784ef600d') in 0.011107 seconds
  Import took 0.015007 seconds .

========================================================================
Received Import Request.
  Time since last request: 0.000517 seconds.
  path: Assets/Settings/HighQuality.asset
  artifactKey: Guid(19ba41d7c0026c3459d37c2fe90c55a0) Importer(815301076,1909f56bfc062723c751e8b465ee728b)
Start importing Assets/Settings/HighQuality.asset using Guid(19ba41d7c0026c3459d37c2fe90c55a0) Importer(815301076,1909f56bfc062723c751e8b465ee728b)  -> (artifact id: '676666602b3eb61684c1fa7784ef600d') in 0.002438 seconds
  Import took 0.005768 seconds .

========================================================================
Received Import Request.
  Time since last request: 0.057429 seconds.
  path: Assets/Settings/UniversalRP-LowQuality.asset
  artifactKey: Guid(a31e9f9f9c9d4b9429ed0d1234e22103) Importer(815301076,1909f56bfc062723c751e8b465ee728b)
Start importing Assets/Settings/UniversalRP-LowQuality.asset using Guid(a31e9f9f9c9d4b9429ed0d1234e22103) Importer(815301076,1909f56bfc062723c751e8b465ee728b)  -> (artifact id: 'c6ee24be97af961266b1eff6010077a0') in 0.006149 seconds
  Import took 0.009923 seconds .

========================================================================
Received Import Request.
  Time since last request: 3.033743 seconds.
  path: Assets/Settings/LowQuality.asset
  artifactKey: Guid(a31e9f9f9c9d4b9429ed0d1234e22103) Importer(815301076,1909f56bfc062723c751e8b465ee728b)
Start importing Assets/Settings/LowQuality.asset using Guid(a31e9f9f9c9d4b9429ed0d1234e22103) Importer(815301076,1909f56bfc062723c751e8b465ee728b)  -> (artifact id: '24052ebe065035b1c5239dcb54192620') in 0.006220 seconds
  Import took 0.010020 seconds .

========================================================================
Received Prepare
Registering precompiled user dll's ...
Registered in 0.001091 seconds.
Begin MonoManager ReloadAssembly
Native extension for WindowsStandalone target not found
Refreshing native plugins compatible for Editor in 0.44 ms, found 0 plugins.
Preloading 0 native plugins for Editor in 0.00 ms.
Invoked RoslynAnalysisRunner static constructor.
RoslynAnalysisRunner will not be running.
RoslynAnalysisRunner has terminated.
Mono: successfully reloaded assembly
- Completed reload, in  0.712 seconds
Platform modules already initialized, skipping
Shader 'Universal Render Pipeline/Particles/Lit': fallback shader 'Universal Render Pipeline/Particles/SimpleLit' not found
Shader 'Universal Render Pipeline/Particles/Lit': fallback shader 'Universal Render Pipeline/Particles/SimpleLit' not found
Refreshing native plugins compatible for Editor in 0.39 ms, found 0 plugins.
Preloading 0 native plugins for Editor in 0.00 ms.
Unloading 2348 Unused Serialized files (Serialized files now loaded: 0)
System memory in use before: 109.5 MB.
System memory in use after: 106.8 MB.

Unloading 41 unused Assets to reduce memory usage. Loaded Objects now: 2831.
Total: 2.900400 ms (FindLiveObjects: 0.210100 ms CreateObjectMapping: 0.061000 ms MarkObjects: 1.470400 ms  DeleteObjects: 1.158100 ms)

========================================================================
Received Import Request.
  Time since last request: 766.492217 seconds.
  path: Assets/Mat
  artifactKey: Guid(7880aca6df502ad43830656bb082b2f7) Importer(815301076,1909f56bfc062723c751e8b465ee728b)
Start importing Assets/Mat using Guid(7880aca6df502ad43830656bb082b2f7) Importer(815301076,1909f56bfc062723c751e8b465ee728b)  -> (artifact id: 'bd9a22391f314c147dc2af1aaca1e967') in 0.009603 seconds
  Import took 0.014108 seconds .

========================================================================
Received Import Request.
  Time since last request: 0.000398 seconds.
  path: Assets/Mat
  artifactKey: Guid(7880aca6df502ad43830656bb082b2f7) Importer(815301076,1909f56bfc062723c751e8b465ee728b)
Start importing Assets/Mat using Guid(7880aca6df502ad43830656bb082b2f7) Importer(815301076,1909f56bfc062723c751e8b465ee728b)  -> (artifact id: 'bd9a22391f314c147dc2af1aaca1e967') in 0.002161 seconds
  Import took 0.005402 seconds .

AssetImportWorkerClient::OnTransportError - code=2 error=End of file
